<?xml version="1.0" encoding="UTF-8"?>
<!-- Generated by org.testng.reporters.JUnitReportReporter -->
<testsuite skipped="0" hostname="Sagar" name="com.saucedemo.testng.TestNGDemo" tests="2" failures="0" timestamp="2023-04-29T23:02:59 BST" time="0.002" errors="0">
  <testcase name="test1" time="0.002" classname="com.saucedemo.testng.TestNGDemo"/>
  <system-out/>
  <testcase name="test2" time="0.000" classname="com.saucedemo.testng.TestNGDemo"/>
  <system-out/>
</testsuite> <!-- com.saucedemo.testng.TestNGDemo -->
