<?xml version="1.0" encoding="UTF-8"?>
<!-- Generated by org.testng.reporters.JUnitReportReporter -->
<testsuite skipped="0" hostname="Sagar" name="com.saucedemo.testsuite.LoginTest" tests="2" failures="0" timestamp="2023-04-29T23:02:59 BST" time="11.871" errors="0">
  <testcase name="verifyUserShouldNavigateToLoginPageSuccessfully" time="6.681" classname="com.saucedemo.testsuite.LoginTest"/>
  <system-out/>
  <testcase name="verifyErrorMessageWithInvalidCredentials" time="5.190" classname="com.saucedemo.testsuite.LoginTest"/>
  <system-out/>
</testsuite> <!-- com.saucedemo.testsuite.LoginTest -->
